<?xml version="1.0" encoding="UTF-8"?>
<testsuite xmlns:xsi="http://www.w3.org/2001/XMLSchema-instance" xsi:noNamespaceSchemaLocation="https://maven.apache.org/surefire/maven-surefire-plugin/xsd/surefire-test-report-3.0.xsd" version="3.0" name="org.firststep.backend.controller.NewsControllerTest" time="1.369" tests="1" errors="0" skipped="0" failures="0">
  <properties>
[...]
</properties>
  <testcase name="testGetRssNews" classname="org.firststep.backend.controller.NewsControllerTest" time="0.577">
    <system-out><![CDATA[16:50:04.112 [main] INFO org.springframework.boot.devtools.restart.RestartApplicationListener -- Restart disabled due to context in which it is running

  .   ____          _            __ _ _
 /\\ / ___'_ __ _ _(_)_ __  __ _ \ \ \ \
( ( )\___ | '_ | '_| | '_ \/ _` | \ \ \ \
 \\/  ___)| |_)| | | | | || (_| |  ) ) ) )
  '  |____| .__|_| |_|_| |_\__, | / / / /
 =========|_|==============|___/=/_/_/_/
 :: Spring Boot ::                (v3.1.6)

2026-06-15T16:50:04.236-04:00  INFO 28311 --- [           main] o.f.b.controller.NewsControllerTest      : Starting NewsControllerTest using Java 17.0.18 with PID 28311 (started by anitra in /Users/anitra/Projects/FirstStep/backend)
2026-06-15T16:50:04.236-04:00  INFO 28311 --- [           main] o.f.b.controller.NewsControllerTest      : No active profile set, falling back to 1 default profile: "default"
2026-06-15T16:50:04.655-04:00  INFO 28311 --- [           main] o.s.b.a.w.s.WelcomePageHandlerMapping    : Adding welcome page: class path resource [static/index.html]
2026-06-15T16:50:04.755-04:00  INFO 28311 --- [           main] o.s.b.t.m.w.SpringBootMockServletContext : Initializing Spring TestDispatcherServlet ''
2026-06-15T16:50:04.756-04:00  INFO 28311 --- [           main] o.s.t.web.servlet.TestDispatcherServlet  : Initializing Servlet ''
2026-06-15T16:50:04.757-04:00  INFO 28311 --- [           main] o.s.t.web.servlet.TestDispatcherServlet  : Completed initialization in 1 ms
2026-06-15T16:50:04.768-04:00  INFO 28311 --- [           main] o.f.b.controller.NewsControllerTest      : Started NewsControllerTest in 0.66 seconds (process running for 1.02)
]]></system-out>
    <system-err><![CDATA[Failed to load news.json: app/data/news.json (No such file or directory)
]]></system-err>
  </testcase>
</testsuite>